{
  "RSpec": {
    "coverage": {
      "/Users/buckspencer/Documents/work/pillar_babysitter_kata/spec/kata_babysitter_spec.rb": [
        1,
        1,
        null,
        1,
        11,
        6,
        11,
        3,
        8,
        null,
        14,
        null,
        1,
        null,
        2,
        null,
        2,
        null,
        2,
        null,
        2,
        null,
        2,
        null,
        2,
        null,
        2,
        null,
        1,
        null,
        1,
        3,
        null,
        null,
        1,
        2,
        2,
        2,
        null,
        3,
        null,
        null,
        1,
        2,
        2,
        2,
        null,
        3,
        null,
        null,
        1,
        2,
        2,
        2,
        null,
        3,
        null,
        null,
        1,
        2,
        null,
        3,
        null,
        null,
        1,
        2,
        null,
        3,
        null,
        null,
        1,
        2,
        null,
        3,
        null,
        null,
        1,
        2,
        null,
        3,
        null,
        null,
        null,
        null,
        null,
        1,
        null,
        1,
        2,
        null,
        null,
        1,
        2,
        null,
        2,
        null,
        null,
        null,
        null,
        1,
        null,
        1,
        2,
        null,
        2,
        null,
        null,
        1,
        2,
        null,
        2,
        null,
        null,
        1,
        2,
        null,
        2,
        null,
        null,
        null,
        null
      ],
      "/Users/buckspencer/Documents/work/pillar_babysitter_kata/lib/kata_baby_sitter.rb": [
        1,
        null,
        1,
        null,
        1,
        1,
        1,
        1,
        null,
        1,
        null,
        1,
        null,
        1,
        null,
        13,
        null,
        13,
        10,
        10,
        null,
        null,
        3,
        null,
        null,
        10,
        null,
        null,
        1,
        2,
        null,
        null,
        1,
        2,
        null,
        null,
        1,
        2,
        null,
        null,
        1,
        2,
        null,
        null,
        1,
        36,
        null,
        null,
        1,
        10,
        null,
        null,
        1,
        10,
        null,
        null,
        1,
        7,
        null,
        null,
        null
      ]
    },
    "timestamp": 1507254401
  }
}
