{
  "RSpec": {
    "coverage": {
      "/Users/buckspencer/Documents/work/kata-babysitter/spec/kata_babysitter_spec.rb": [
        1,
        1,
        null,
        1,
        14,
        7,
        12,
        7,
        null,
        19,
        null,
        1,
        null,
        null,
        2,
        null,
        2,
        null,
        2,
        null,
        2,
        null,
        2,
        null,
        2,
        null,
        1,
        null,
        1,
        3,
        null,
        null,
        1,
        2,
        2,
        2,
        null,
        3,
        null,
        null,
        1,
        2,
        2,
        2,
        null,
        3,
        null,
        null,
        1,
        2,
        2,
        2,
        null,
        3,
        null,
        null,
        1,
        2,
        null,
        2,
        null,
        null,
        1,
        2,
        null,
        3,
        null,
        null,
        1,
        2,
        null,
        3,
        null,
        null,
        1,
        2,
        null,
        3,
        null,
        null,
        null,
        null,
        null,
        null,
        1,
        null,
        1,
        2,
        null,
        null,
        1,
        2,
        null,
        2,
        null,
        null,
        1,
        2,
        null,
        2,
        null,
        null,
        1,
        2,
        null,
        2,
        null,
        null,
        1,
        2,
        2,
        null,
        2,
        null,
        null,
        1,
        2,
        2,
        2,
        null,
        2,
        null,
        null,
        null,
        1,
        2,
        2,
        2,
        null,
        2,
        null,
        null,
        null,
        null,
        1,
        3,
        null,
        1,
        2,
        null,
        2,
        null,
        null,
        1,
        2,
        2,
        null,
        2,
        null,
        null,
        1,
        2,
        null,
        2,
        null,
        null,
        null,
        null
      ],
      "/Users/buckspencer/Documents/work/kata-babysitter/lib/kata_baby_sitter.rb": [
        1,
        null,
        1,
        null,
        1,
        1,
        1,
        null,
        1,
        null,
        1,
        null,
        1,
        null,
        18,
        null,
        18,
        16,
        16,
        null,
        null,
        2,
        null,
        null,
        16,
        null,
        null,
        1,
        9,
        null,
        null,
        1,
        9,
        null,
        null,
        1,
        9,
        null,
        null,
        1,
        8,
        null,
        null,
        1,
        1,
        null,
        null,
        1,
        9,
        null,
        null,
        1,
        53,
        null,
        null,
        1,
        16,
        null,
        null,
        1,
        6,
        null,
        null,
        null
      ]
    },
    "timestamp": 1507335528
  }
}
